2025-03-23 01:16:41,224 [1] INFO  CurrencyRateUpdaterService - Currency Rate Updater Service started.
2025-03-23 01:16:41,250 [1] INFO  CurrencyRateUpdaterService - Fetching latest currency exchange rates...
2025-03-23 01:16:41,252 [1] INFO  Adfrom_CurrencyConversion.Services.CurrencyService - Fetching latest currency rates...
2025-03-23 01:16:41,269 [1] INFO  System.Net.Http.HttpClient.Default.LogicalHandler - Start processing HTTP request GET https://www.nationalbanken.dk/api/currencyratesxml?lang=en
2025-03-23 01:16:41,331 [1] INFO  System.Net.Http.HttpClient.Default.ClientHandler - Sending HTTP request GET https://www.nationalbanken.dk/api/currencyratesxml?lang=en
2025-03-23 01:16:43,178 [1] INFO  Microsoft.Hosting.Lifetime - Now listening on: https://localhost:7244
2025-03-23 01:16:43,178 [1] INFO  Microsoft.Hosting.Lifetime - Now listening on: http://localhost:5204
2025-03-23 01:16:43,384 [1] INFO  Microsoft.Hosting.Lifetime - Application started. Press Ctrl+C to shut down.
2025-03-23 01:16:43,385 [1] INFO  Microsoft.Hosting.Lifetime - Hosting environment: Development
2025-03-23 01:16:43,385 [1] INFO  Microsoft.Hosting.Lifetime - Content root path: D:\Harish\Github\Company-Assignements\Adform_CurrencyConverter\Adfrom_CurrencyConversion\
2025-03-23 01:16:43,940 [14] INFO  System.Net.Http.HttpClient.Default.ClientHandler - Received HTTP response headers after 2603.9137ms - 200
2025-03-23 01:16:43,942 [14] INFO  System.Net.Http.HttpClient.Default.LogicalHandler - End processing HTTP request after 2682.3498ms - 200
2025-03-23 01:16:43,971 [14] INFO  Adfrom_CurrencyConversion.Services.CurrencyService - Parsing an XML content...
2025-03-23 01:16:43,978 [14] INFO  Adfrom_CurrencyConversion.Services.CurrencyService - Base currency changed from DKK to INR. INR Rate: 8.01
2025-03-23 01:16:43,991 [14] INFO  Adfrom_CurrencyConversion.Services.CurrencyService - Saving currency rates to file...
2025-03-23 01:16:44,029 [15] INFO  Adfrom_CurrencyConversion.Services.CurrencyService - Successfully saved currency rates to file.
2025-03-23 01:16:44,030 [15] INFO  Adfrom_CurrencyConversion.Services.CurrencyService - Successfully fetched and saved currency rates.
2025-03-23 01:16:44,030 [15] INFO  CurrencyRateUpdaterService - Successfully updated currency exchange rates.
2025-03-23 01:16:44,030 [15] INFO  CurrencyRateUpdaterService - Waiting for 60 minutes before the next update.
2025-03-23 01:16:53,616 [9] INFO  Adfrom_CurrencyConversion.Controllers.CurrencyController - Fetching latest currency rates via API...
2025-03-23 01:16:53,616 [9] INFO  Adfrom_CurrencyConversion.Services.CurrencyService - Fetching latest currency rates...
2025-03-23 01:16:53,616 [9] INFO  System.Net.Http.HttpClient.Default.LogicalHandler - Start processing HTTP request GET https://www.nationalbanken.dk/api/currencyratesxml?lang=en
2025-03-23 01:16:53,617 [9] INFO  System.Net.Http.HttpClient.Default.ClientHandler - Sending HTTP request GET https://www.nationalbanken.dk/api/currencyratesxml?lang=en
2025-03-23 01:16:53,626 [14] INFO  System.Net.Http.HttpClient.Default.ClientHandler - Received HTTP response headers after 8.6468ms - 200
2025-03-23 01:16:53,626 [14] INFO  System.Net.Http.HttpClient.Default.LogicalHandler - End processing HTTP request after 10.0003ms - 200
2025-03-23 01:16:53,626 [14] INFO  Adfrom_CurrencyConversion.Services.CurrencyService - Parsing an XML content...
2025-03-23 01:16:53,627 [14] INFO  Adfrom_CurrencyConversion.Services.CurrencyService - Base currency changed from DKK to INR. INR Rate: 8.01
2025-03-23 01:16:53,627 [14] INFO  Adfrom_CurrencyConversion.Services.CurrencyService - Saving currency rates to file...
2025-03-23 01:16:53,633 [4] INFO  Adfrom_CurrencyConversion.Services.CurrencyService - Successfully saved currency rates to file.
2025-03-23 01:16:53,633 [4] INFO  Adfrom_CurrencyConversion.Services.CurrencyService - Successfully fetched and saved currency rates.
2025-03-23 01:16:53,636 [4] INFO  Adfrom_CurrencyConversion.Services.CurrencyService - Loading currency rates from file...
2025-03-23 01:17:14,715 [6] INFO  Adfrom_CurrencyConversion.Controllers.CurrencyController - Fetching rate for currency: USD
2025-03-23 01:17:14,717 [6] INFO  Adfrom_CurrencyConversion.Services.CurrencyService - Loading currency rates from file...
2025-03-23 01:17:14,726 [15] INFO  Adfrom_CurrencyConversion.Controllers.CurrencyController - Retrieved rate: 1 INR = 86.01 USD
2025-03-23 01:17:30,980 [21] INFO  Adfrom_CurrencyConversion.Controllers.CurrencyController - Converting 100 INR to USD.
2025-03-23 01:17:36,029 [21] INFO  Adfrom_CurrencyConversion.Services.CurrencyService - Converting currency...
2025-03-23 01:17:36,032 [21] INFO  Adfrom_CurrencyConversion.Services.CurrencyService - Loading currency rates from file...
2025-03-23 01:17:36,052 [6] INFO  Adfrom_CurrencyConversion.Controllers.CurrencyController - Conversion successful: 100 INR = 1.16 USD
2025-03-23 13:06:59,557 [1] INFO  CurrencyRateUpdaterService - Currency Rate Updater Service started.
2025-03-23 13:06:59,574 [1] INFO  CurrencyRateUpdaterService - Fetching latest currency exchange rates...
2025-03-23 13:06:59,575 [1] INFO  Adfrom_CurrencyConversion.Services.CurrencyService - Fetching latest currency rates...
2025-03-23 13:06:59,587 [1] INFO  System.Net.Http.HttpClient.Default.LogicalHandler - Start processing HTTP request GET https://www.nationalbanken.dk/api/currencyratesxml?lang=en
2025-03-23 13:06:59,594 [1] INFO  System.Net.Http.HttpClient.Default.ClientHandler - Sending HTTP request GET https://www.nationalbanken.dk/api/currencyratesxml?lang=en
2025-03-23 13:07:00,116 [1] INFO  Microsoft.Hosting.Lifetime - Now listening on: https://localhost:7244
2025-03-23 13:07:00,116 [1] INFO  Microsoft.Hosting.Lifetime - Now listening on: http://localhost:5204
2025-03-23 13:07:00,199 [1] INFO  Microsoft.Hosting.Lifetime - Application started. Press Ctrl+C to shut down.
2025-03-23 13:07:00,200 [1] INFO  Microsoft.Hosting.Lifetime - Hosting environment: Development
2025-03-23 13:07:00,200 [1] INFO  Microsoft.Hosting.Lifetime - Content root path: D:\Harish\Github\Company-Assignements\Adform_CurrencyConverter\Adfrom_CurrencyConversion\
2025-03-23 13:07:00,798 [8] INFO  System.Net.Http.HttpClient.Default.ClientHandler - Received HTTP response headers after 1194.5278ms - 200
2025-03-23 13:07:00,801 [8] INFO  System.Net.Http.HttpClient.Default.LogicalHandler - End processing HTTP request after 1220.2973ms - 200
2025-03-23 13:07:01,225 [8] INFO  Adfrom_CurrencyConversion.Services.CurrencyService - Parsing an XML content...
2025-03-23 13:07:01,236 [8] INFO  Adfrom_CurrencyConversion.Services.CurrencyService - Base currency changed from DKK to INR. INR Rate: 8.01
2025-03-23 13:07:01,273 [8] INFO  Adfrom_CurrencyConversion.Services.CurrencyService - Saving currency rates to file...
2025-03-23 13:07:01,307 [10] INFO  Adfrom_CurrencyConversion.Services.CurrencyService - Successfully saved currency rates to file.
2025-03-23 13:07:01,307 [10] INFO  Adfrom_CurrencyConversion.Services.CurrencyService - Successfully fetched and saved currency rates.
2025-03-23 13:07:01,307 [10] INFO  CurrencyRateUpdaterService - Successfully updated currency exchange rates.
2025-03-23 13:07:01,307 [10] INFO  CurrencyRateUpdaterService - Waiting for 60 minutes before the next update.
2025-03-23 13:07:14,333 [4] INFO  Adfrom_CurrencyConversion.Controllers.CurrencyController - Fetching latest currency rates via API...
2025-03-23 13:07:14,334 [4] INFO  Adfrom_CurrencyConversion.Services.CurrencyService - Fetching latest currency rates...
2025-03-23 13:07:14,334 [4] INFO  System.Net.Http.HttpClient.Default.LogicalHandler - Start processing HTTP request GET https://www.nationalbanken.dk/api/currencyratesxml?lang=en
2025-03-23 13:07:14,334 [4] INFO  System.Net.Http.HttpClient.Default.ClientHandler - Sending HTTP request GET https://www.nationalbanken.dk/api/currencyratesxml?lang=en
2025-03-23 13:07:14,344 [7] INFO  System.Net.Http.HttpClient.Default.ClientHandler - Received HTTP response headers after 9.8257ms - 200
2025-03-23 13:07:14,345 [7] INFO  System.Net.Http.HttpClient.Default.LogicalHandler - End processing HTTP request after 11.0199ms - 200
2025-03-23 13:07:14,345 [7] INFO  Adfrom_CurrencyConversion.Services.CurrencyService - Parsing an XML content...
2025-03-23 13:07:14,345 [7] INFO  Adfrom_CurrencyConversion.Services.CurrencyService - Base currency changed from DKK to INR. INR Rate: 8.01
2025-03-23 13:07:14,345 [7] INFO  Adfrom_CurrencyConversion.Services.CurrencyService - Saving currency rates to file...
2025-03-23 13:07:14,348 [6] INFO  Adfrom_CurrencyConversion.Services.CurrencyService - Successfully saved currency rates to file.
2025-03-23 13:07:14,348 [6] INFO  Adfrom_CurrencyConversion.Services.CurrencyService - Successfully fetched and saved currency rates.
2025-03-23 13:07:14,350 [6] INFO  Adfrom_CurrencyConversion.Services.CurrencyService - Loading currency rates from file...
