2025-03-22 19:14:18,260 [1] INFO  Adfrom_CurrencyConversion.Services.CurrencyService - Fetching latest currency rates...
2025-03-22 19:14:18,283 [1] INFO  System.Net.Http.HttpClient.Default.LogicalHandler - Start processing HTTP request GET https://www.nationalbanken.dk/api/currencyratesxml?lang=en
2025-03-22 19:14:18,293 [1] INFO  System.Net.Http.HttpClient.Default.ClientHandler - Sending HTTP request GET https://www.nationalbanken.dk/api/currencyratesxml?lang=en
2025-03-22 19:14:19,224 [1] INFO  Microsoft.Hosting.Lifetime - Now listening on: https://localhost:7244
2025-03-22 19:14:19,225 [1] INFO  Microsoft.Hosting.Lifetime - Now listening on: http://localhost:5204
2025-03-22 19:14:19,302 [1] INFO  Microsoft.Hosting.Lifetime - Application started. Press Ctrl+C to shut down.
2025-03-22 19:14:19,302 [1] INFO  Microsoft.Hosting.Lifetime - Hosting environment: Development
2025-03-22 19:14:19,303 [1] INFO  Microsoft.Hosting.Lifetime - Content root path: D:\Harish\Github\Company-Assignements\Adform_CurrencyConverter\Adfrom_CurrencyConversion\
2025-03-22 19:14:20,036 [7] INFO  System.Net.Http.HttpClient.Default.ClientHandler - Received HTTP response headers after 1737.5618ms - 200
2025-03-22 19:14:20,038 [7] INFO  System.Net.Http.HttpClient.Default.LogicalHandler - End processing HTTP request after 1759.4658ms - 200
2025-03-22 19:14:21,346 [7] INFO  Adfrom_CurrencyConversion.Services.CurrencyService - Parsing an XML content...
2025-03-22 19:14:21,386 [7] INFO  Adfrom_CurrencyConversion.Services.CurrencyService - Base currency changed from DKK to INR. INR Rate: 8.01
2025-03-22 19:14:21,388 [7] INFO  Adfrom_CurrencyConversion.Services.CurrencyService - Saving currency rates to file...
2025-03-22 19:14:21,440 [7] INFO  Adfrom_CurrencyConversion.Services.CurrencyService - Successfully saved currency rates to file.
2025-03-22 19:14:21,440 [7] INFO  Adfrom_CurrencyConversion.Services.CurrencyService - Successfully fetched and saved currency rates.
2025-03-22 19:14:35,838 [6] INFO  Adfrom_CurrencyConversion.Services.CurrencyService - Loading currency rates from file...
2025-03-22 19:16:21,443 [22] INFO  Adfrom_CurrencyConversion.Services.CurrencyService - Fetching latest currency rates...
2025-03-22 19:16:21,444 [22] INFO  System.Net.Http.HttpClient.Default.LogicalHandler - Start processing HTTP request GET https://www.nationalbanken.dk/api/currencyratesxml?lang=en
2025-03-22 19:16:21,444 [22] INFO  System.Net.Http.HttpClient.Default.ClientHandler - Sending HTTP request GET https://www.nationalbanken.dk/api/currencyratesxml?lang=en
2025-03-22 19:16:22,372 [20] INFO  System.Net.Http.HttpClient.Default.ClientHandler - Received HTTP response headers after 928.4757ms - 200
2025-03-22 19:16:22,373 [20] INFO  System.Net.Http.HttpClient.Default.LogicalHandler - End processing HTTP request after 928.7838ms - 200
2025-03-22 19:16:22,373 [20] INFO  Adfrom_CurrencyConversion.Services.CurrencyService - Parsing an XML content...
2025-03-22 19:16:22,373 [20] INFO  Adfrom_CurrencyConversion.Services.CurrencyService - Base currency changed from DKK to INR. INR Rate: 8.01
2025-03-22 19:16:22,373 [20] INFO  Adfrom_CurrencyConversion.Services.CurrencyService - Saving currency rates to file...
2025-03-22 19:16:22,385 [22] INFO  Adfrom_CurrencyConversion.Services.CurrencyService - Successfully saved currency rates to file.
2025-03-22 19:16:22,385 [22] INFO  Adfrom_CurrencyConversion.Services.CurrencyService - Successfully fetched and saved currency rates.
2025-03-22 20:17:56,217 [1] INFO  CurrencyRateUpdaterService - Currency Rate Updater Service started.
2025-03-22 20:17:56,231 [1] INFO  CurrencyRateUpdaterService - Fetching latest currency exchange rates...
2025-03-22 20:17:56,232 [1] INFO  Adfrom_CurrencyConversion.Services.CurrencyService - Fetching latest currency rates...
2025-03-22 20:17:56,244 [1] INFO  System.Net.Http.HttpClient.Default.LogicalHandler - Start processing HTTP request GET https://www.nationalbanken.dk/api/currencyratesxml?lang=en
2025-03-22 20:17:56,248 [1] INFO  System.Net.Http.HttpClient.Default.ClientHandler - Sending HTTP request GET https://www.nationalbanken.dk/api/currencyratesxml?lang=en
2025-03-22 20:17:56,588 [1] INFO  Microsoft.Hosting.Lifetime - Now listening on: https://localhost:7244
2025-03-22 20:17:56,588 [1] INFO  Microsoft.Hosting.Lifetime - Now listening on: http://localhost:5204
2025-03-22 20:17:56,694 [1] INFO  Microsoft.Hosting.Lifetime - Application started. Press Ctrl+C to shut down.
2025-03-22 20:17:56,694 [1] INFO  Microsoft.Hosting.Lifetime - Hosting environment: Development
2025-03-22 20:17:56,695 [1] INFO  Microsoft.Hosting.Lifetime - Content root path: D:\Harish\Github\Company-Assignements\Adform_CurrencyConverter\Adfrom_CurrencyConversion\
2025-03-22 20:17:57,379 [8] INFO  System.Net.Http.HttpClient.Default.ClientHandler - Received HTTP response headers after 1125.8153ms - 200
2025-03-22 20:17:57,380 [8] INFO  System.Net.Http.HttpClient.Default.LogicalHandler - End processing HTTP request after 1143.7751ms - 200
2025-03-22 20:17:57,612 [8] INFO  Adfrom_CurrencyConversion.Services.CurrencyService - Parsing an XML content...
2025-03-22 20:17:57,625 [8] INFO  Adfrom_CurrencyConversion.Services.CurrencyService - Base currency changed from DKK to INR. INR Rate: 8.01
2025-03-22 20:17:57,628 [8] INFO  Adfrom_CurrencyConversion.Services.CurrencyService - Saving currency rates to file...
2025-03-22 20:17:57,686 [8] INFO  Adfrom_CurrencyConversion.Services.CurrencyService - Successfully saved currency rates to file.
2025-03-22 20:17:57,686 [8] INFO  Adfrom_CurrencyConversion.Services.CurrencyService - Successfully fetched and saved currency rates.
2025-03-22 20:17:57,686 [8] INFO  CurrencyRateUpdaterService - Successfully updated currency exchange rates.
2025-03-22 20:17:57,686 [8] INFO  CurrencyRateUpdaterService - Waiting for 60 minutes before the next update.
2025-03-22 20:18:12,049 [16] INFO  Adfrom_CurrencyConversion.Controllers.CurrencyController - Fetching latest currency rates via API...
2025-03-22 20:18:12,049 [16] INFO  Adfrom_CurrencyConversion.Services.CurrencyService - Fetching latest currency rates...
2025-03-22 20:18:12,049 [16] INFO  System.Net.Http.HttpClient.Default.LogicalHandler - Start processing HTTP request GET https://www.nationalbanken.dk/api/currencyratesxml?lang=en
2025-03-22 20:18:12,050 [16] INFO  System.Net.Http.HttpClient.Default.ClientHandler - Sending HTTP request GET https://www.nationalbanken.dk/api/currencyratesxml?lang=en
2025-03-22 20:18:12,062 [15] INFO  System.Net.Http.HttpClient.Default.ClientHandler - Received HTTP response headers after 11.7098ms - 200
2025-03-22 20:18:12,062 [15] INFO  System.Net.Http.HttpClient.Default.LogicalHandler - End processing HTTP request after 12.8663ms - 200
2025-03-22 20:18:12,062 [15] INFO  Adfrom_CurrencyConversion.Services.CurrencyService - Parsing an XML content...
2025-03-22 20:18:12,063 [15] INFO  Adfrom_CurrencyConversion.Services.CurrencyService - Base currency changed from DKK to INR. INR Rate: 8.01
2025-03-22 20:18:12,063 [15] INFO  Adfrom_CurrencyConversion.Services.CurrencyService - Saving currency rates to file...
2025-03-22 20:18:12,070 [4] INFO  Adfrom_CurrencyConversion.Services.CurrencyService - Successfully saved currency rates to file.
2025-03-22 20:18:12,070 [4] INFO  Adfrom_CurrencyConversion.Services.CurrencyService - Successfully fetched and saved currency rates.
2025-03-22 20:18:12,074 [4] INFO  Adfrom_CurrencyConversion.Services.CurrencyService - Loading currency rates from file...
2025-03-22 20:19:50,832 [1] INFO  CurrencyRateUpdaterService - Currency Rate Updater Service started.
2025-03-22 20:19:50,843 [1] INFO  CurrencyRateUpdaterService - Fetching latest currency exchange rates...
2025-03-22 20:19:50,844 [1] INFO  Adfrom_CurrencyConversion.Services.CurrencyService - Fetching latest currency rates...
2025-03-22 20:19:50,853 [1] INFO  System.Net.Http.HttpClient.Default.LogicalHandler - Start processing HTTP request GET https://www.nationalbanken.dk/api/currencyratesxml?lang=en
2025-03-22 20:19:50,858 [1] INFO  System.Net.Http.HttpClient.Default.ClientHandler - Sending HTTP request GET https://www.nationalbanken.dk/api/currencyratesxml?lang=en
2025-03-22 20:19:51,146 [1] INFO  Microsoft.Hosting.Lifetime - Now listening on: https://localhost:7244
2025-03-22 20:19:51,146 [1] INFO  Microsoft.Hosting.Lifetime - Now listening on: http://localhost:5204
2025-03-22 20:19:51,208 [1] INFO  Microsoft.Hosting.Lifetime - Application started. Press Ctrl+C to shut down.
2025-03-22 20:19:51,209 [1] INFO  Microsoft.Hosting.Lifetime - Hosting environment: Development
2025-03-22 20:19:51,209 [1] INFO  Microsoft.Hosting.Lifetime - Content root path: D:\Harish\Github\Company-Assignements\Adform_CurrencyConverter\Adfrom_CurrencyConversion\
2025-03-22 20:19:52,203 [8] INFO  System.Net.Http.HttpClient.Default.ClientHandler - Received HTTP response headers after 1340.5752ms - 200
2025-03-22 20:19:52,204 [8] INFO  System.Net.Http.HttpClient.Default.LogicalHandler - End processing HTTP request after 1355.7973ms - 200
2025-03-22 20:19:52,236 [8] INFO  Adfrom_CurrencyConversion.Services.CurrencyService - Parsing an XML content...
2025-03-22 20:19:52,240 [8] INFO  Adfrom_CurrencyConversion.Services.CurrencyService - Base currency changed from DKK to INR. INR Rate: 8.01
2025-03-22 20:19:52,242 [8] INFO  Adfrom_CurrencyConversion.Services.CurrencyService - Saving currency rates to file...
2025-03-22 20:19:52,267 [8] INFO  Adfrom_CurrencyConversion.Services.CurrencyService - Successfully saved currency rates to file.
2025-03-22 20:19:52,267 [8] INFO  Adfrom_CurrencyConversion.Services.CurrencyService - Successfully fetched and saved currency rates.
2025-03-22 20:19:52,268 [8] INFO  CurrencyRateUpdaterService - Successfully updated currency exchange rates.
2025-03-22 20:19:52,268 [8] INFO  CurrencyRateUpdaterService - Waiting for 60 minutes before the next update.
2025-03-22 20:19:59,642 [4] INFO  Adfrom_CurrencyConversion.Controllers.CurrencyController - Fetching latest currency rates via API...
2025-03-22 20:19:59,643 [4] INFO  Adfrom_CurrencyConversion.Services.CurrencyService - Fetching latest currency rates...
2025-03-22 20:19:59,643 [4] INFO  System.Net.Http.HttpClient.Default.LogicalHandler - Start processing HTTP request GET https://www.nationalbanken.dk/api/currencyratesxml?lang=en
2025-03-22 20:19:59,644 [4] INFO  System.Net.Http.HttpClient.Default.ClientHandler - Sending HTTP request GET https://www.nationalbanken.dk/api/currencyratesxml?lang=en
2025-03-22 20:19:59,652 [13] INFO  System.Net.Http.HttpClient.Default.ClientHandler - Received HTTP response headers after 8.6247ms - 200
2025-03-22 20:19:59,652 [13] INFO  System.Net.Http.HttpClient.Default.LogicalHandler - End processing HTTP request after 9.7422ms - 200
2025-03-22 20:19:59,652 [13] INFO  Adfrom_CurrencyConversion.Services.CurrencyService - Parsing an XML content...
2025-03-22 20:19:59,653 [13] INFO  Adfrom_CurrencyConversion.Services.CurrencyService - Base currency changed from DKK to INR. INR Rate: 8.01
2025-03-22 20:19:59,653 [13] INFO  Adfrom_CurrencyConversion.Services.CurrencyService - Saving currency rates to file...
2025-03-22 20:19:59,663 [9] INFO  Adfrom_CurrencyConversion.Services.CurrencyService - Successfully saved currency rates to file.
2025-03-22 20:19:59,663 [9] INFO  Adfrom_CurrencyConversion.Services.CurrencyService - Successfully fetched and saved currency rates.
2025-03-22 20:19:59,664 [9] INFO  Adfrom_CurrencyConversion.Services.CurrencyService - Loading currency rates from file...
2025-03-22 20:21:34,240 [1] INFO  CurrencyRateUpdaterService - Currency Rate Updater Service started.
2025-03-22 20:21:34,251 [1] INFO  CurrencyRateUpdaterService - Fetching latest currency exchange rates...
2025-03-22 20:21:34,252 [1] INFO  Adfrom_CurrencyConversion.Services.CurrencyService - Fetching latest currency rates...
2025-03-22 20:21:34,261 [1] INFO  System.Net.Http.HttpClient.Default.LogicalHandler - Start processing HTTP request GET https://www.nationalbanken.dk/api/currencyratesxml?lang=en
2025-03-22 20:21:34,266 [1] INFO  System.Net.Http.HttpClient.Default.ClientHandler - Sending HTTP request GET https://www.nationalbanken.dk/api/currencyratesxml?lang=en
2025-03-22 20:21:34,642 [1] INFO  Microsoft.Hosting.Lifetime - Now listening on: https://localhost:7244
2025-03-22 20:21:34,642 [1] INFO  Microsoft.Hosting.Lifetime - Now listening on: http://localhost:5204
2025-03-22 20:21:34,703 [1] INFO  Microsoft.Hosting.Lifetime - Application started. Press Ctrl+C to shut down.
2025-03-22 20:21:34,704 [1] INFO  Microsoft.Hosting.Lifetime - Hosting environment: Development
2025-03-22 20:21:34,704 [1] INFO  Microsoft.Hosting.Lifetime - Content root path: D:\Harish\Github\Company-Assignements\Adform_CurrencyConverter\Adfrom_CurrencyConversion\
2025-03-22 20:21:35,429 [15] INFO  System.Net.Http.HttpClient.Default.ClientHandler - Received HTTP response headers after 1159.8855ms - 200
2025-03-22 20:21:35,430 [15] INFO  System.Net.Http.HttpClient.Default.LogicalHandler - End processing HTTP request after 1174.561ms - 200
2025-03-22 20:21:35,568 [15] INFO  Adfrom_CurrencyConversion.Services.CurrencyService - Parsing an XML content...
2025-03-22 20:21:35,580 [15] INFO  Adfrom_CurrencyConversion.Services.CurrencyService - Base currency changed from DKK to INR. INR Rate: 8.01
2025-03-22 20:21:35,585 [15] INFO  Adfrom_CurrencyConversion.Services.CurrencyService - Saving currency rates to file...
2025-03-22 20:21:35,622 [15] INFO  Adfrom_CurrencyConversion.Services.CurrencyService - Successfully saved currency rates to file.
2025-03-22 20:21:35,622 [15] INFO  Adfrom_CurrencyConversion.Services.CurrencyService - Successfully fetched and saved currency rates.
2025-03-22 20:21:35,622 [15] INFO  CurrencyRateUpdaterService - Successfully updated currency exchange rates.
2025-03-22 20:21:35,622 [15] INFO  CurrencyRateUpdaterService - Waiting for 60 minutes before the next update.
2025-03-22 20:21:44,759 [16] INFO  Adfrom_CurrencyConversion.Controllers.CurrencyController - Fetching latest currency rates via API...
2025-03-22 20:21:44,761 [16] INFO  Adfrom_CurrencyConversion.Services.CurrencyService - Fetching latest currency rates...
2025-03-22 20:21:44,761 [16] INFO  System.Net.Http.HttpClient.Default.LogicalHandler - Start processing HTTP request GET https://www.nationalbanken.dk/api/currencyratesxml?lang=en
2025-03-22 20:21:44,763 [16] INFO  System.Net.Http.HttpClient.Default.ClientHandler - Sending HTTP request GET https://www.nationalbanken.dk/api/currencyratesxml?lang=en
2025-03-22 20:21:44,783 [15] INFO  System.Net.Http.HttpClient.Default.ClientHandler - Received HTTP response headers after 19.9474ms - 200
2025-03-22 20:21:44,784 [15] INFO  System.Net.Http.HttpClient.Default.LogicalHandler - End processing HTTP request after 22.2614ms - 200
2025-03-22 20:21:44,784 [15] INFO  Adfrom_CurrencyConversion.Services.CurrencyService - Parsing an XML content...
2025-03-22 20:21:44,784 [15] INFO  Adfrom_CurrencyConversion.Services.CurrencyService - Base currency changed from DKK to INR. INR Rate: 8.01
2025-03-22 20:21:44,784 [15] INFO  Adfrom_CurrencyConversion.Services.CurrencyService - Saving currency rates to file...
2025-03-22 20:21:44,834 [9] INFO  Adfrom_CurrencyConversion.Services.CurrencyService - Successfully saved currency rates to file.
2025-03-22 20:21:44,834 [9] INFO  Adfrom_CurrencyConversion.Services.CurrencyService - Successfully fetched and saved currency rates.
2025-03-22 20:21:44,836 [9] INFO  Adfrom_CurrencyConversion.Services.CurrencyService - Loading currency rates from file...
2025-03-22 20:23:52,170 [8] INFO  Adfrom_CurrencyConversion.Controllers.CurrencyController - Fetching latest currency rates via API...
2025-03-22 20:23:52,170 [8] INFO  Adfrom_CurrencyConversion.Services.CurrencyService - Fetching latest currency rates...
2025-03-22 20:23:52,170 [8] INFO  System.Net.Http.HttpClient.Default.LogicalHandler - Start processing HTTP request GET https://www.nationalbanken.dk/api/currencyratesxml?lang=en
2025-03-22 20:23:52,170 [8] INFO  System.Net.Http.HttpClient.Default.ClientHandler - Sending HTTP request GET https://www.nationalbanken.dk/api/currencyratesxml?lang=en
2025-03-22 20:23:53,006 [20] INFO  System.Net.Http.HttpClient.Default.ClientHandler - Received HTTP response headers after 835.5607ms - 200
2025-03-22 20:23:53,006 [20] INFO  System.Net.Http.HttpClient.Default.LogicalHandler - End processing HTTP request after 836.1082ms - 200
2025-03-22 20:23:53,006 [20] INFO  Adfrom_CurrencyConversion.Services.CurrencyService - Parsing an XML content...
2025-03-22 20:23:53,007 [20] INFO  Adfrom_CurrencyConversion.Services.CurrencyService - Base currency changed from DKK to INR. INR Rate: 8.01
2025-03-22 20:23:53,007 [20] INFO  Adfrom_CurrencyConversion.Services.CurrencyService - Saving currency rates to file...
2025-03-22 20:23:53,015 [8] INFO  Adfrom_CurrencyConversion.Services.CurrencyService - Successfully saved currency rates to file.
2025-03-22 20:23:53,015 [8] INFO  Adfrom_CurrencyConversion.Services.CurrencyService - Successfully fetched and saved currency rates.
2025-03-22 20:23:53,015 [8] INFO  Adfrom_CurrencyConversion.Services.CurrencyService - Loading currency rates from file...
2025-03-22 20:25:29,326 [1] INFO  CurrencyRateUpdaterService - Currency Rate Updater Service started.
2025-03-22 20:25:29,341 [1] INFO  CurrencyRateUpdaterService - Fetching latest currency exchange rates...
2025-03-22 20:25:29,342 [1] INFO  Adfrom_CurrencyConversion.Services.CurrencyService - Fetching latest currency rates...
2025-03-22 20:25:29,357 [1] INFO  System.Net.Http.HttpClient.Default.LogicalHandler - Start processing HTTP request GET https://www.nationalbanken.dk/api/currencyratesxml?lang=en
2025-03-22 20:25:29,365 [1] INFO  System.Net.Http.HttpClient.Default.ClientHandler - Sending HTTP request GET https://www.nationalbanken.dk/api/currencyratesxml?lang=en
2025-03-22 20:25:30,156 [1] INFO  Microsoft.Hosting.Lifetime - Now listening on: https://localhost:7244
2025-03-22 20:25:30,157 [1] INFO  Microsoft.Hosting.Lifetime - Now listening on: http://localhost:5204
2025-03-22 20:25:30,422 [1] INFO  Microsoft.Hosting.Lifetime - Application started. Press Ctrl+C to shut down.
2025-03-22 20:25:30,423 [1] INFO  Microsoft.Hosting.Lifetime - Hosting environment: Development
2025-03-22 20:25:30,423 [1] INFO  Microsoft.Hosting.Lifetime - Content root path: D:\Harish\Github\Company-Assignements\Adform_CurrencyConverter\Adfrom_CurrencyConversion\
2025-03-22 20:25:30,739 [7] INFO  System.Net.Http.HttpClient.Default.ClientHandler - Received HTTP response headers after 1370.0217ms - 200
2025-03-22 20:25:30,740 [7] INFO  System.Net.Http.HttpClient.Default.LogicalHandler - End processing HTTP request after 1392.8557ms - 200
2025-03-22 20:25:30,828 [7] INFO  Adfrom_CurrencyConversion.Services.CurrencyService - Parsing an XML content...
2025-03-22 20:25:30,832 [7] INFO  Adfrom_CurrencyConversion.Services.CurrencyService - Base currency changed from DKK to INR. INR Rate: 8.01
2025-03-22 20:25:30,870 [7] INFO  Adfrom_CurrencyConversion.Services.CurrencyService - Saving currency rates to file...
2025-03-22 20:25:30,913 [7] INFO  Adfrom_CurrencyConversion.Services.CurrencyService - Successfully saved currency rates to file.
2025-03-22 20:25:30,913 [7] INFO  Adfrom_CurrencyConversion.Services.CurrencyService - Successfully fetched and saved currency rates.
2025-03-22 20:25:30,913 [7] INFO  CurrencyRateUpdaterService - Successfully updated currency exchange rates.
2025-03-22 20:25:30,913 [7] INFO  CurrencyRateUpdaterService - Waiting for 60 minutes before the next update.
2025-03-22 20:25:41,154 [4] INFO  Adfrom_CurrencyConversion.Controllers.CurrencyController - Fetching latest currency rates via API...
2025-03-22 20:25:41,154 [4] INFO  Adfrom_CurrencyConversion.Services.CurrencyService - Fetching latest currency rates...
2025-03-22 20:25:41,154 [4] INFO  System.Net.Http.HttpClient.Default.LogicalHandler - Start processing HTTP request GET https://www.nationalbanken.dk/api/currencyratesxml?lang=en
2025-03-22 20:25:41,156 [4] INFO  System.Net.Http.HttpClient.Default.ClientHandler - Sending HTTP request GET https://www.nationalbanken.dk/api/currencyratesxml?lang=en
2025-03-22 20:25:41,165 [13] INFO  System.Net.Http.HttpClient.Default.ClientHandler - Received HTTP response headers after 9.4214ms - 200
2025-03-22 20:25:41,165 [13] INFO  System.Net.Http.HttpClient.Default.LogicalHandler - End processing HTTP request after 11.135ms - 200
2025-03-22 20:25:41,166 [13] INFO  Adfrom_CurrencyConversion.Services.CurrencyService - Parsing an XML content...
2025-03-22 20:25:41,166 [13] INFO  Adfrom_CurrencyConversion.Services.CurrencyService - Base currency changed from DKK to INR. INR Rate: 8.01
2025-03-22 20:25:41,166 [13] INFO  Adfrom_CurrencyConversion.Services.CurrencyService - Saving currency rates to file...
2025-03-22 20:25:41,174 [15] INFO  Adfrom_CurrencyConversion.Services.CurrencyService - Successfully saved currency rates to file.
2025-03-22 20:25:41,174 [15] INFO  Adfrom_CurrencyConversion.Services.CurrencyService - Successfully fetched and saved currency rates.
2025-03-22 20:25:41,176 [15] INFO  Adfrom_CurrencyConversion.Services.CurrencyService - Loading currency rates from file...
